<?xml version="1.0" encoding="UTF-8"?>
<!-- Generated by org.testng.reporters.JUnitReportReporter -->
<testsuite hostname="Allah" name="opentaps.Sample7" tests="1" failures="0" timestamp="19 Apr 2016 06:35:01 GMT" time="0.054" errors="0">
  <testcase name="s7" time="0.054" classname="opentaps.Sample7"/>
</testsuite> <!-- opentaps.Sample7 -->
