<?xml version="1.0" encoding="UTF-8"?>
<!-- Generated by org.testng.reporters.JUnitReportReporter -->
<testsuite hostname="Allah" name="opentaps.Sample5" tests="1" failures="0" timestamp="19 Apr 2016 04:26:30 GMT" time="0.024" errors="0">
  <testcase name="s5" time="0.024" classname="opentaps.Sample5"/>
</testsuite> <!-- opentaps.Sample5 -->
