<?xml version="1.0" encoding="UTF-8"?>
<!-- Generated by org.testng.reporters.JUnitReportReporter -->
<testsuite hostname="Allah" name="contacts_testng.FindContact" tests="1" failures="0" timestamp="17 Apr 2016 12:48:37 GMT" time="58.483" errors="0">
  <testcase name="findContacts" time="58.483" classname="contacts_testng.FindContact"/>
</testsuite> <!-- contacts_testng.FindContact -->
