<?xml version="1.0" encoding="UTF-8"?>
<!-- Generated by org.testng.reporters.JUnitReportReporter -->
<testsuite hostname="Allah" name="opentaps.Sample3" tests="1" failures="0" timestamp="16 Apr 2016 15:04:09 GMT" time="0.012" errors="0">
  <testcase name="s3" time="0.012" classname="opentaps.Sample3"/>
</testsuite> <!-- opentaps.Sample3 -->
