<?xml version="1.0" encoding="UTF-8"?>
<!-- Generated by org.testng.reporters.JUnitReportReporter -->
<testsuite hostname="Allah" name="sundaycw.DeleteContact" tests="1" failures="0" timestamp="23 Apr 2016 08:01:42 GMT" time="0.004" errors="0">
  <testcase name="doDeleteContact" time="0.004" classname="sundaycw.DeleteContact"/>
</testsuite> <!-- sundaycw.DeleteContact -->
