<?xml version="1.0" encoding="UTF-8"?>
<!-- Generated by org.testng.reporters.JUnitReportReporter -->
<testsuite hostname="Allah" name="opentaps.NewTest" tests="1" failures="0" timestamp="16 Apr 2016 15:04:09 GMT" time="0.006" errors="0">
  <testcase name="sampletest" time="0.006" classname="opentaps.NewTest"/>
</testsuite> <!-- opentaps.NewTest -->
