<?xml version="1.0" encoding="UTF-8"?>
<!-- Generated by org.testng.reporters.JUnitReportReporter -->
<testsuite hostname="Allah" name="contacts_testng.DeleteLead" tests="1" failures="0" timestamp="22 Apr 2016 04:03:48 GMT" time="55.794" errors="0">
  <testcase name="leadDelete" time="55.794" classname="contacts_testng.DeleteLead"/>
</testsuite> <!-- contacts_testng.DeleteLead -->
