<?xml version="1.0" encoding="UTF-8"?>
<!-- Generated by org.testng.reporters.JUnitReportReporter -->
<testsuite hostname="Allah" name="sundaycw.MergeLead" tests="1" failures="0" timestamp="23 Apr 2016 08:01:42 GMT" time="0.041" errors="0">
  <testcase name="doMergeLead" time="0.041" classname="sundaycw.MergeLead"/>
</testsuite> <!-- sundaycw.MergeLead -->
