<?xml version="1.0" encoding="UTF-8"?>
<!-- Generated by org.testng.reporters.JUnitReportReporter -->
<testsuite hostname="Allah" name="contacts_testng.MergeContact" tests="1" failures="0" timestamp="22 Apr 2016 04:03:48 GMT" time="93.839" errors="0">
  <testcase name="contactmerge" time="93.839" classname="contacts_testng.MergeContact"/>
</testsuite> <!-- contacts_testng.MergeContact -->
