<?xml version="1.0" encoding="UTF-8"?>
<!-- Generated by org.testng.reporters.JUnitReportReporter -->
<testsuite hostname="Allah" name="sundaycw.CreateLead" tests="2" failures="0" timestamp="23 Apr 2016 08:01:42 GMT" time="0.018" errors="0">
  <testcase name="doCreateLead" time="0.005" classname="sundaycw.CreateLead"/>
  <testcase name="doCreateLead" time="0.013" classname="sundaycw.CreateLead"/>
</testsuite> <!-- sundaycw.CreateLead -->
