<?xml version="1.0" encoding="UTF-8"?>
<!-- Generated by org.testng.reporters.JUnitReportReporter -->
<testsuite hostname="Allah" name="contacts_testng.DeleteContact" tests="1" failures="0" timestamp="22 Apr 2016 04:03:48 GMT" time="75.436" errors="0">
  <testcase name="contactDelete" time="75.436" classname="contacts_testng.DeleteContact"/>
</testsuite> <!-- contacts_testng.DeleteContact -->
