<?xml version="1.0" encoding="UTF-8"?>
<!-- Generated by org.testng.reporters.JUnitReportReporter -->
<testsuite hostname="Allah" name="contacts_testng.EditLead" tests="1" failures="0" timestamp="22 Apr 2016 04:03:48 GMT" time="76.878" errors="0">
  <testcase name="findLead" time="76.878" classname="contacts_testng.EditLead"/>
</testsuite> <!-- contacts_testng.EditLead -->
