<?xml version="1.0" encoding="UTF-8"?>
<!-- Generated by org.testng.reporters.JUnitReportReporter -->
<testsuite hostname="Allah" name="contacts_testng.MergeLead" tests="1" failures="0" timestamp="22 Apr 2016 04:03:48 GMT" time="91.834" errors="0">
  <testcase name="contactmerge" time="91.834" classname="contacts_testng.MergeLead"/>
</testsuite> <!-- contacts_testng.MergeLead -->
