<?xml version="1.0" encoding="UTF-8"?>
<!-- Generated by org.testng.reporters.JUnitReportReporter -->
<testsuite hostname="Allah" name="opentaps.EditLead" tests="1" failures="0" timestamp="16 Apr 2016 15:04:09 GMT" time="0.007" errors="0">
  <testcase name="leadEdit" time="0.007" classname="opentaps.EditLead"/>
</testsuite> <!-- opentaps.EditLead -->
