<?xml version="1.0" encoding="UTF-8"?>
<!-- Generated by org.testng.reporters.JUnitReportReporter -->
<testsuite hostname="Allah" name="opentaps.Sample4" tests="1" failures="0" timestamp="16 Apr 2016 15:04:09 GMT" time="0.035" errors="0">
  <testcase name="s4" time="0.035" classname="opentaps.Sample4"/>
</testsuite> <!-- opentaps.Sample4 -->
