<?xml version="1.0" encoding="UTF-8"?>
<!-- Generated by org.testng.reporters.JUnitReportReporter -->
<testsuite hostname="Allah" name="contacts_testng.EditContact" tests="1" failures="0" timestamp="22 Apr 2016 04:03:48 GMT" time="68.561" errors="0">
  <testcase name="findContacts" time="68.561" classname="contacts_testng.EditContact"/>
</testsuite> <!-- contacts_testng.EditContact -->
